<?xml version="1.0" encoding="UTF-8"?>
<!-- Generated by org.testng.reporters.JUnitXMLReporter -->
<testsuite ignored="0" hostname="ZD-104CCR3" failures="0" tests="7" name="CricketCountryEnglish_BrokenLinksVerification_Mob" time="2.348" errors="0" timestamp="2023-01-06T16:42:32 IST">
  <testcase classname="com.zee.base.BaseTest" name="@BeforeMethod initChrome" time="2.284">
    <failure type="org.openqa.selenium.WebDriverException" message="Connection refused: connect
Build info: version: &amp;apos;3.141.59&amp;apos;, revision: &amp;apos;e82be7d358&amp;apos;, time: &amp;apos;2018-11-14T08:17:03&amp;apos;
System info: host: &amp;apos;ZD-104CCR3&amp;apos;, ip: &amp;apos;192.168.12.239&amp;apos;, os.name: &amp;apos;Windows 10&amp;apos;, os.arch: &amp;apos;amd64&amp;apos;, os.version: &amp;apos;10.0&amp;apos;, java.version: &amp;apos;11.0.15.1&amp;apos;
Driver info: driver.version: AndroidDriver">
      <![CDATA[org.openqa.selenium.WebDriverException: Connection refused: connect
Build info: version: '3.141.59', revision: 'e82be7d358', time: '2018-11-14T08:17:03'
System info: host: 'ZD-104CCR3', ip: '192.168.12.239', os.name: 'Windows 10', os.arch: 'amd64', os.version: '10.0', java.version: '11.0.15.1'
Driver info: driver.version: AndroidDriver
at io.appium.java_client.remote.AppiumCommandExecutor.lambda$5(AppiumCommandExecutor.java:251)
at java.base/java.util.Optional.orElseGet(Optional.java:369)
at io.appium.java_client.remote.AppiumCommandExecutor.execute(AppiumCommandExecutor.java:250)
at org.openqa.selenium.remote.RemoteWebDriver.execute(RemoteWebDriver.java:552)
at io.appium.java_client.DefaultGenericMobileDriver.execute(DefaultGenericMobileDriver.java:41)
at io.appium.java_client.AppiumDriver.execute(AppiumDriver.java:1)
at io.appium.java_client.android.AndroidDriver.execute(AndroidDriver.java:1)
at org.openqa.selenium.remote.RemoteWebDriver.startSession(RemoteWebDriver.java:213)
at io.appium.java_client.AppiumDriver.startSession(AppiumDriver.java:336)
at org.openqa.selenium.remote.RemoteWebDriver.<init>(RemoteWebDriver.java:131)
at io.appium.java_client.DefaultGenericMobileDriver.<init>(DefaultGenericMobileDriver.java:37)
at io.appium.java_client.AppiumDriver.<init>(AppiumDriver.java:88)
at io.appium.java_client.AppiumDriver.<init>(AppiumDriver.java:98)
at io.appium.java_client.android.AndroidDriver.<init>(AndroidDriver.java:94)
at com.zee.manager.MobDriverManager.initDriver(MobDriverManager.java:64)
at com.zee.base.BaseTest.initChrome(BaseTest.java:83)
at java.base/java.util.ArrayList.forEach(ArrayList.java:1541)
Caused by: java.net.ConnectException: Connection refused: connect
at java.base/java.net.PlainSocketImpl.waitForConnect(Native Method)
at java.base/java.net.PlainSocketImpl.socketConnect(PlainSocketImpl.java:107)
at java.base/java.net.AbstractPlainSocketImpl.doConnect(AbstractPlainSocketImpl.java:412)
at java.base/java.net.AbstractPlainSocketImpl.connectToAddress(AbstractPlainSocketImpl.java:253)
at java.base/java.net.AbstractPlainSocketImpl.connect(AbstractPlainSocketImpl.java:237)
at java.base/java.net.SocksSocketImpl.connect(SocksSocketImpl.java:392)
at java.base/java.net.Socket.connect(Socket.java:608)
at okhttp3.internal.platform.Platform.connectSocket(Platform.java:129)
at okhttp3.internal.connection.RealConnection.connectSocket(RealConnection.java:245)
at okhttp3.internal.connection.RealConnection.connect(RealConnection.java:165)
at okhttp3.internal.connection.StreamAllocation.findConnection(StreamAllocation.java:257)
at okhttp3.internal.connection.StreamAllocation.findHealthyConnection(StreamAllocation.java:135)
at okhttp3.internal.connection.StreamAllocation.newStream(StreamAllocation.java:114)
at okhttp3.internal.connection.ConnectInterceptor.intercept(ConnectInterceptor.java:42)
at okhttp3.internal.http.RealInterceptorChain.proceed(RealInterceptorChain.java:147)
at okhttp3.internal.http.RealInterceptorChain.proceed(RealInterceptorChain.java:121)
at okhttp3.internal.cache.CacheInterceptor.intercept(CacheInterceptor.java:93)
at okhttp3.internal.http.RealInterceptorChain.proceed(RealInterceptorChain.java:147)
at okhttp3.internal.http.RealInterceptorChain.proceed(RealInterceptorChain.java:121)
at okhttp3.internal.http.BridgeInterceptor.intercept(BridgeInterceptor.java:93)
at okhttp3.internal.http.RealInterceptorChain.proceed(RealInterceptorChain.java:147)
at okhttp3.internal.http.RetryAndFollowUpInterceptor.intercept(RetryAndFollowUpInterceptor.java:126)
at okhttp3.internal.http.RealInterceptorChain.proceed(RealInterceptorChain.java:147)
at okhttp3.internal.http.RealInterceptorChain.proceed(RealInterceptorChain.java:121)
at okhttp3.RealCall.getResponseWithInterceptorChain(RealCall.java:200)
at okhttp3.RealCall.execute(RealCall.java:77)
at org.openqa.selenium.remote.internal.OkHttpClient.execute(OkHttpClient.java:103)
at org.openqa.selenium.remote.ProtocolHandshake.createSession(ProtocolHandshake.java:105)
at io.appium.java_client.remote.AppiumCommandExecutor$1.createSession(AppiumCommandExecutor.java:186)
at io.appium.java_client.remote.AppiumCommandExecutor.createSession(AppiumCommandExecutor.java:217)
at io.appium.java_client.remote.AppiumCommandExecutor.execute(AppiumCommandExecutor.java:239)
... 45 more
... Removed 35 stack frames]]>
    </failure>
  </testcase> <!-- @BeforeMethod initChrome -->
  <testcase classname="com.zee.base.BaseTest" name="@AfterMethod tearDown" time="0.0">
    <failure type="java.lang.NullPointerException">
      <![CDATA[java.lang.NullPointerException
at com.zee.base.BaseTest.tearDown(BaseTest.java:91)
at java.base/java.util.ArrayList.forEach(ArrayList.java:1541)
... Removed 32 stack frames]]>
    </failure>
  </testcase> <!-- @AfterMethod tearDown -->
  <testcase classname="com.zee.base.BaseTest" name="@BeforeMethod initChrome" time="-1.673003551963E9">
    <skipped/>
  </testcase> <!-- @BeforeMethod initChrome -->
  <testcase classname="com.zee.base.BaseTest" name="@AfterMethod tearDown" time="0.0">
    <failure type="java.lang.NullPointerException">
      <![CDATA[java.lang.NullPointerException
at com.zee.base.BaseTest.tearDown(BaseTest.java:91)
at java.base/java.util.ArrayList.forEach(ArrayList.java:1541)
... Removed 32 stack frames]]>
    </failure>
  </testcase> <!-- @AfterMethod tearDown -->
  <testcase classname="com.zee.base.BaseTest" name="@BeforeMethod initChrome" time="-1.673003551968E9">
    <skipped/>
  </testcase> <!-- @BeforeMethod initChrome -->
  <testcase classname="com.zee.base.BaseTest" name="@AfterMethod tearDown" time="0.0">
    <failure type="java.lang.NullPointerException">
      <![CDATA[java.lang.NullPointerException
at com.zee.base.BaseTest.tearDown(BaseTest.java:91)
at java.base/java.util.ArrayList.forEach(ArrayList.java:1541)
... Removed 32 stack frames]]>
    </failure>
  </testcase> <!-- @AfterMethod tearDown -->
  <testcase classname="com.zee.base.BaseTest" name="@BeforeMethod initChrome" time="-1.673003551975E9">
    <skipped/>
  </testcase> <!-- @BeforeMethod initChrome -->
  <testcase classname="com.zee.base.BaseTest" name="@AfterMethod tearDown" time="0.0">
    <failure type="java.lang.NullPointerException">
      <![CDATA[java.lang.NullPointerException
at com.zee.base.BaseTest.tearDown(BaseTest.java:91)
at java.base/java.util.ArrayList.forEach(ArrayList.java:1541)
... Removed 32 stack frames]]>
    </failure>
  </testcase> <!-- @AfterMethod tearDown -->
  <testcase classname="com.zee.base.BaseTest" name="@BeforeMethod initChrome" time="-1.673003551981E9">
    <skipped/>
  </testcase> <!-- @BeforeMethod initChrome -->
  <testcase classname="com.zee.base.BaseTest" name="@AfterMethod tearDown" time="0.001">
    <failure type="java.lang.NullPointerException">
      <![CDATA[java.lang.NullPointerException
at com.zee.base.BaseTest.tearDown(BaseTest.java:91)
at java.base/java.util.ArrayList.forEach(ArrayList.java:1541)
... Removed 32 stack frames]]>
    </failure>
  </testcase> <!-- @AfterMethod tearDown -->
  <testcase classname="com.zee.base.BaseTest" name="@BeforeMethod initChrome" time="-1.673003551985E9">
    <skipped/>
  </testcase> <!-- @BeforeMethod initChrome -->
  <testcase classname="com.zee.base.BaseTest" name="@AfterMethod tearDown" time="0.0">
    <failure type="java.lang.NullPointerException">
      <![CDATA[java.lang.NullPointerException
at com.zee.base.BaseTest.tearDown(BaseTest.java:91)
at java.base/java.util.ArrayList.forEach(ArrayList.java:1541)
... Removed 32 stack frames]]>
    </failure>
  </testcase> <!-- @AfterMethod tearDown -->
  <testcase classname="com.zee.base.BaseTest" name="@BeforeMethod initChrome" time="-1.673003551991E9">
    <skipped/>
  </testcase> <!-- @BeforeMethod initChrome -->
  <testcase classname="com.zee.base.BaseTest" name="@AfterMethod tearDown" time="0.0">
    <failure type="java.lang.NullPointerException">
      <![CDATA[java.lang.NullPointerException
at com.zee.base.BaseTest.tearDown(BaseTest.java:91)
at java.base/java.util.ArrayList.forEach(ArrayList.java:1541)
... Removed 32 stack frames]]>
    </failure>
  </testcase> <!-- @AfterMethod tearDown -->
  <testcase classname="com.zee.cricketcountry.mob.TestCricketCountryBrokenLinksForMob" name="test01_ValidateBrokenLinksOfMainPageOfLiveScorePage" time="0.0">
    <skipped/>
  </testcase> <!-- test01_ValidateBrokenLinksOfMainPageOfLiveScorePage -->
  <testcase classname="com.zee.cricketcountry.mob.TestCricketCountryBrokenLinksForMob" name="test02_ValidateBrokenLinksOfTwoArticlesForNews" time="0.0">
    <skipped/>
  </testcase> <!-- test02_ValidateBrokenLinksOfTwoArticlesForNews -->
  <testcase classname="com.zee.cricketcountry.mob.TestCricketCountryBrokenLinksForMob" name="test03_ValidateBrokenLinksOfMainPageOfT20WorldCup" time="0.0">
    <skipped/>
  </testcase> <!-- test03_ValidateBrokenLinksOfMainPageOfT20WorldCup -->
  <testcase classname="com.zee.cricketcountry.mob.TestCricketCountryBrokenLinksForMob" name="test04_ValidateBrokenLinksOfMainPageOfSeries" time="0.0">
    <skipped/>
  </testcase> <!-- test04_ValidateBrokenLinksOfMainPageOfSeries -->
  <testcase classname="com.zee.cricketcountry.mob.TestCricketCountryBrokenLinksForMob" name="test05_ValidateBrokenLinksOfTwoArticlesForMomentsInHistoryPage" time="0.0">
    <skipped/>
  </testcase> <!-- test05_ValidateBrokenLinksOfTwoArticlesForMomentsInHistoryPage -->
  <testcase classname="com.zee.cricketcountry.mob.TestCricketCountryBrokenLinksForMob" name="test06_ValidateBrokenLinksOfMainPageAndTwoPhotosSectionForPhotoPage" time="0.0">
    <skipped/>
  </testcase> <!-- test06_ValidateBrokenLinksOfMainPageAndTwoPhotosSectionForPhotoPage -->
  <testcase classname="com.zee.cricketcountry.mob.TestCricketCountryBrokenLinksForMob" name="writeDataInExcel" time="0.0">
    <skipped/>
  </testcase> <!-- writeDataInExcel -->
</testsuite> <!-- CricketCountryEnglish_BrokenLinksVerification_Mob -->
