<?xml version="1.0" encoding="UTF-8"?>
<!-- Generated by org.testng.reporters.JUnitXMLReporter -->
<testsuite ignored="9" hostname="ZD-104CCR3" failures="0" tests="0" time="0.005" errors="0" timestamp="2023-01-13T08:48:12 IST">
  <testcase classname="com.zee.web.TestZeeNewsIndiaBrokenLinksForWeb" name="test04_ValidateBrokenLinksOfMainPageForT20WorldCupPage" time="0.0">
    <ignored/>
  </testcase> <!-- test04_ValidateBrokenLinksOfMainPageForT20WorldCupPage -->
  <testcase classname="com.zee.web.TestZeeNewsIndiaBrokenLinksForWeb" name="test03_ValidateBrokenLinksOfTwoListingForIndiaPage" time="0.0">
    <ignored/>
  </testcase> <!-- test03_ValidateBrokenLinksOfTwoListingForIndiaPage -->
  <testcase classname="com.zee.web.TestZeeNewsIndiaBrokenLinksForWeb" name="test08_ValidateBrokenLinksOfPhotoPage" time="0.0">
    <ignored/>
  </testcase> <!-- test08_ValidateBrokenLinksOfPhotoPage -->
  <testcase classname="com.zee.web.TestZeeNewsIndiaBrokenLinksForWeb" name="test02_ValidateBrokenLinksOfTwoListingForLatestNewsPage" time="0.0">
    <ignored/>
  </testcase> <!-- test02_ValidateBrokenLinksOfTwoListingForLatestNewsPage -->
  <testcase classname="com.zee.web.TestZeeNewsIndiaBrokenLinksForWeb" name="test05_ValidateBrokenLinksOfTwoListingForEntertainmentPage" time="0.0">
    <ignored/>
  </testcase> <!-- test05_ValidateBrokenLinksOfTwoListingForEntertainmentPage -->
  <testcase classname="com.zee.web.TestZeeNewsIndiaBrokenLinksForWeb" name="writeDataInExcel" time="0.0">
    <ignored/>
  </testcase> <!-- writeDataInExcel -->
  <testcase classname="com.zee.web.TestZeeNewsIndiaBrokenLinksForWeb" name="test01_ValidateBrokenLinksOfLiveTVPage" time="0.0">
    <ignored/>
  </testcase> <!-- test01_ValidateBrokenLinksOfLiveTVPage -->
  <testcase classname="com.zee.web.TestZeeNewsIndiaBrokenLinksForWeb" name="test06_ValidateBrokenLinksOfTwoListingForSportsPage" time="0.0">
    <ignored/>
  </testcase> <!-- test06_ValidateBrokenLinksOfTwoListingForSportsPage -->
  <testcase classname="com.zee.web.TestZeeNewsIndiaBrokenLinksForWeb" name="test07_ValidateBrokenLinksOfVideoPage" time="0.0">
    <ignored/>
  </testcase> <!-- test07_ValidateBrokenLinksOfVideoPage -->
</testsuite>
