<?xml version="1.0" encoding="UTF-8"?>
<!-- Generated by org.testng.reporters.JUnitXMLReporter -->
<testsuite ignored="0" hostname="ZD-104CCR3" failures="1" tests="1" name="ZeeNews_PhotoGalleryAction_Web" time="57.709" errors="0" timestamp="2022-12-19T13:07:39 IST">
  <testcase classname="com.zee.web.TestWebPhotosGallery" name="test01_ValidateTotalCountOfImageAtPhotoPage" time="54.909">
    <failure type="org.openqa.selenium.ElementClickInterceptedException" message="element click intercepted: Element &amp;lt;a href=&amp;quot;/photos/entertainment/ranbir-kapoor-alia-bhatt-arjun-kapoor-rajkummar-rao-come-together-at-luv-ranjans-place-to-watch-fifa-world-cup-final-in-pics-2550591&amp;quot; title=&amp;quot;Ranbir Kapoor, Alia Bhatt, Arjun Kapoor, Rajkummar Rao come together at Luv Ranjan&amp;apos;s place to watch FIFA World Cup final: In Pics  &amp;quot;&amp;gt;...&amp;lt;/a&amp;gt; is not clickable at point (177, 644). Other element would receive the click: &amp;lt;a href=&amp;quot;/photos/entertainment/ranbir-kapoor-alia-bhatt-arjun-kapoor-rajkummar-rao-come-together-at-luv-ranjans-place-to-watch-fifa-world-cup-final-in-pics-2550591&amp;quot; title=&amp;quot;...&amp;quot;&amp;gt;Ranbir Kapoor, Alia Bhatt, Arjun Kapoor, Rajkummar Rao come together at Luv Ranjan&amp;apos;s place to watch FIFA World Cup final: In Pics  &amp;lt;/a&amp;gt;
  (Session info: chrome=108.0.5359.125)
Build info: version: &amp;apos;3.141.59&amp;apos;, revision: &amp;apos;e82be7d358&amp;apos;, time: &amp;apos;2018-11-14T08:17:03&amp;apos;
System info: host: &amp;apos;ZD-104CCR3&amp;apos;, ip: &amp;apos;192.168.12.239&amp;apos;, os.name: &amp;apos;Windows 10&amp;apos;, os.arch: &amp;apos;amd64&amp;apos;, os.version: &amp;apos;10.0&amp;apos;, java.version: &amp;apos;11.0.15.1&amp;apos;
Driver info: org.openqa.selenium.chrome.ChromeDriver
Capabilities {acceptInsecureCerts: false, browserName: chrome, browserVersion: 108.0.5359.125, chrome: {chromedriverVersion: 108.0.5359.71 (1e0e3868ee06..., userDataDir: C:\Windows\TEMP\scoped_dir2...}, goog:chromeOptions: {debuggerAddress: localhost:63866}, javascriptEnabled: true, networkConnectionEnabled: false, pageLoadStrategy: normal, platform: WINDOWS, platformName: WINDOWS, proxy: Proxy(), setWindowRect: true, strictFileInteractability: false, timeouts: {implicit: 0, pageLoad: 300000, script: 30000}, unhandledPromptBehavior: dismiss and notify, webauthn:extension:credBlob: true, webauthn:extension:largeBlob: true, webauthn:virtualAuthenticators: true}
Session ID: 56f1de3571f7e5716574f2933aa3f771">
      <![CDATA[org.openqa.selenium.ElementClickInterceptedException: element click intercepted: Element <a href="/photos/entertainment/ranbir-kapoor-alia-bhatt-arjun-kapoor-rajkummar-rao-come-together-at-luv-ranjans-place-to-watch-fifa-world-cup-final-in-pics-2550591" title="Ranbir Kapoor, Alia Bhatt, Arjun Kapoor, Rajkummar Rao come together at Luv Ranjan's place to watch FIFA World Cup final: In Pics  ">...</a> is not clickable at point (177, 644). Other element would receive the click: <a href="/photos/entertainment/ranbir-kapoor-alia-bhatt-arjun-kapoor-rajkummar-rao-come-together-at-luv-ranjans-place-to-watch-fifa-world-cup-final-in-pics-2550591" title="...">Ranbir Kapoor, Alia Bhatt, Arjun Kapoor, Rajkummar Rao come together at Luv Ranjan's place to watch FIFA World Cup final: In Pics  </a>
  (Session info: chrome=108.0.5359.125)
Build info: version: '3.141.59', revision: 'e82be7d358', time: '2018-11-14T08:17:03'
System info: host: 'ZD-104CCR3', ip: '192.168.12.239', os.name: 'Windows 10', os.arch: 'amd64', os.version: '10.0', java.version: '11.0.15.1'
Driver info: org.openqa.selenium.chrome.ChromeDriver
Capabilities {acceptInsecureCerts: false, browserName: chrome, browserVersion: 108.0.5359.125, chrome: {chromedriverVersion: 108.0.5359.71 (1e0e3868ee06..., userDataDir: C:\Windows\TEMP\scoped_dir2...}, goog:chromeOptions: {debuggerAddress: localhost:63866}, javascriptEnabled: true, networkConnectionEnabled: false, pageLoadStrategy: normal, platform: WINDOWS, platformName: WINDOWS, proxy: Proxy(), setWindowRect: true, strictFileInteractability: false, timeouts: {implicit: 0, pageLoad: 300000, script: 30000}, unhandledPromptBehavior: dismiss and notify, webauthn:extension:credBlob: true, webauthn:extension:largeBlob: true, webauthn:virtualAuthenticators: true}
Session ID: 56f1de3571f7e5716574f2933aa3f771
at org.openqa.selenium.remote.http.W3CHttpResponseCodec.createException(W3CHttpResponseCodec.java:187)
at org.openqa.selenium.remote.http.W3CHttpResponseCodec.decode(W3CHttpResponseCodec.java:122)
at org.openqa.selenium.remote.http.W3CHttpResponseCodec.decode(W3CHttpResponseCodec.java:49)
at org.openqa.selenium.remote.HttpCommandExecutor.execute(HttpCommandExecutor.java:158)
at org.openqa.selenium.remote.service.DriverCommandExecutor.execute(DriverCommandExecutor.java:83)
at org.openqa.selenium.remote.RemoteWebDriver.execute(RemoteWebDriver.java:552)
at org.openqa.selenium.remote.RemoteWebElement.execute(RemoteWebElement.java:285)
at org.openqa.selenium.remote.RemoteWebElement.click(RemoteWebElement.java:84)
at com.zee.webpages.PhotoPage.selectTheFirstPictureAppearOnPhotoSectionPage(PhotoPage.java:37)
at com.zee.web.TestWebPhotosGallery.test01_ValidateTotalCountOfImageAtPhotoPage(TestWebPhotosGallery.java:35)
at java.base/java.util.ArrayList.forEach(ArrayList.java:1541)
... Removed 34 stack frames]]>
    </failure>
  </testcase> <!-- test01_ValidateTotalCountOfImageAtPhotoPage -->
</testsuite> <!-- ZeeNews_PhotoGalleryAction_Web -->
